<?xml version="1.0" encoding="UTF-8"?>
<!-- Generated by org.testng.reporters.JUnitReportReporter -->
<testsuite skipped="0" hostname="MrunaliDeskTop-1410" name="com.testcase.tc_1" tests="1" failures="0" timestamp="2019-12-13T13:28:19 EST" time="1.692" errors="0">
  <testcase name="testcase1" time="1.692" classname="com.testcase.tc_1"/>
</testsuite> <!-- com.testcase.tc_1 -->
